                    SUBAREA REPORT
Run Date:  9/ 8/2022                                  Run Time: 12:56: 8        
Example                                                                         
verification dataset for AGNPS                                                  
Using default values for LS-factor parameters                                   
 SubArea  Drainage  ------ Number of Rasters within ------   ----- LS-Factor -----
   ID         Area  Source   Right    Left Subarea Channel   Slope   Calc.    Read
              (ha)     '1'     '2'     '3'             '4'   (m/m)     (-)     (-)
     1         .00       0       1       0       0       0           OUTLET
     2       14.76       0     796     680    1476     117  .02511    .290    .000
     3       12.91    1076     201      14    1291      26  .05219    .578    .000
     4       11.05       0     320     785    1105      61  .01810    .207    .000
     5       25.54       0    1485    1069    2554      79  .02331    .267    .000
     6        2.40       0      81     159     240      10  .01016    .124    .000
     7       73.27    1030    2059    4238    7327     243  .02965    .353    .000
     8       46.15    1040    2330    1245    4615      85  .01334    .158    .000
     9       51.76       0    1947    3229    5176     193  .09500   1.615    .000
    10       36.20       0    1554    2066    3620     101  .01933    .218    .000
    11       48.42       0    2878    1964    4842     221  .02631    .301    .000
    12       42.24    1036    1710    1478    4224      67  .02371    .271    .000
    13       22.53       0     775    1478    2253      72  .01294    .154    .000
    14       45.67    1324    1165    2078    4567      66  .02642    .307    .000
    15        1.35       0      65      70     135      11  .00731    .099    .000
    16       79.30       0    4713    3217    7930     214  .02112    .252    .000
    17        2.73       0     196      77     273      22  .02171    .258    .000
    18       96.47    1015    4150    4482    9647     187  .12583   2.214    .000
    19       32.29    1053    1442     734    3229      79  .01502    .179    .000
    20       21.76       0     877    1299    2176      51  .01459    .170    .000
    21        7.18       0     102     616     718      35  .02550    .252    .000
    22       49.06    1121    1574    2211    4906      56  .02066    .236    .000
    23        6.87       0     185     502     687      44  .02320    .244    .000
    24        1.87       0      89      98     187      24  .02389    .242    .000
    25        1.03       0      69      34     103      22  .02578    .243    .000
    26       61.40    1203    2128    2809    6140     156  .08337   1.297    .000
    27       10.96       0     471     625    1096      67  .02386    .245    .000
    28       22.43       0    1790     453    2243      58  .02360    .280    .000
    29        1.97       0      20     177     197      10  .11111   1.925    .000
    30       56.12    1008    2849    1755    5612     129  .14441   2.505    .000
    31       14.13    1202      78     133    1413      23  .10731   1.606    .000
    32       32.34    1043    1050    1141    3234      70  .09034   1.438    .000
    33       12.00       0    1111      89    1200      30  .03101    .354    .000
    34        7.57       0     543     214     757      66  .04006    .413    .000
    35       20.26       0     505    1521    2026      64  .13628   2.161    .000
    36        6.43       0     548      95     643      28  .17444   2.851    .000
    37       14.74    1013     341     120    1474      25  .07222   1.122    .000
    38       20.65       0     436    1629    2065      43  .09581   1.533    .000
    39       28.26    1155     578    1093    2826      43  .15292   2.592    .000
    40       90.40    1352    3787    3901    9040     124  .12435   2.158    .000
    41       13.35    1018     109     208    1335      23  .07703   1.154    .000
    42       54.37       0    4104    1333    5437     129  .09479   1.501    .000
    43       29.13    1010     911     992    2913      38  .09666   1.379    .000
    44       10.79       0     310     769    1079      34  .08419   1.194    .000
    45      110.41    1049    5650    4342   11041     180  .08966   1.340    .000
    46         .79       0      38      41      79      10  .10715   1.311    .000
    47       98.60    1412    4190    4258    9860     196  .05912    .848    .000
    48       31.74       0     626    2548    3174      71  .07672   1.104    .000
    49       12.02       0    1035     167    1202      27  .07631   1.103    .000
    50        4.18       0     250     168     418      26  .10784   1.590    .000
    51       96.27    1436    3536    4655    9627     190  .05191    .717    .000
    52        3.20       0     144     176     320      22  .10388   1.619    .000
    53         .70       0      19      51      70       9  .08989   1.106    .000
    54       38.51       0    2796    1055    3851      72  .08064   1.146    .000
    55       26.32    1044    1096     492    2632      57  .06797    .984    .000
    56       13.50       0     563     787    1350      32  .08132   1.158    .000
    57       14.45       0     902     543    1445      48  .07165   1.038    .000
    58       42.72    1017    2789     466    4272      48  .04244    .571    .000
    59       15.58    1062     160     336    1558      31  .04714    .646    .000
    60        9.04       0     161     743     904      32  .07590   1.065    .000
    61       53.90    1000    1526    2864    5390      84  .03739    .488    .000
    62       29.50    1006     513    1431    2950      55  .03288    .426    .000
    63       79.57    1013    2894    4050    7957     120  .05375    .730    .000
    64       12.73    1013     116     144    1273      31  .05263    .706    .000
    65       22.13    1037     765     411    2213      31  .05800    .814    .000
    66       15.81    1154     297     130    1581      25  .05364    .726    .000
    67       14.58    1050     237     171    1458      35  .01839    .212    .000
    68       64.12       0    3144    3268    6412     121  .00916    .130    .000
    69        6.92       0     586     106     692      14  .00929    .127    .000
    70       17.22    1148     424     150    1722      41  .01913    .234    .000
    71       10.53       0     213     840    1053      28  .01396    .191    .000
    72       29.34       0    2318     616    2934      56  .01309    .181    .000
    73       25.48    1011     247    1290    2548      28  .05157    .772    .000
    74       23.46       0    2109     237    2346      33  .07255   1.163    .000
    75       16.32       0    1298     334    1632      60  .03517    .570    .000
    76       21.73       0    2002     171    2173      44  .09184   1.793    .000
    77       36.32    1923     934     775    3632      73  .08756   1.389    .000
    78       58.53    1031    1944    2878    5853     108  .03954    .609    .000
    79       48.13    1104    2084    1625    4813      89  .01678    .219    .000
    80       39.69    1036    2145     788    3969      72  .01968    .264    .000
    81       12.73    1180      29      64    1273      20  .01609    .217    .000
    82       30.09    1706     120    1183    3009      27  .01015    .143    .000
    83       18.99    1481     234     184    1899      36  .00889    .128    .000
    84        4.06       0     184     222     406      29  .01621    .184    .000
    85      111.74       0    6777    4397   11174     301  .01975    .245    .000
    86       23.74       0    1540     834    2374     132  .03728    .430    .000
    87        8.87       0     678     209     887      34  .04529    .545    .000
    88        2.01       0      90     111     201      22  .03631    .362    .000
    89       47.37    1099    1153    2485    4737     116  .06182    .961    .000
    90       29.87    1614     662     711    2987      68  .05908    .987    .000
    91       13.18       0     647     671    1318      32  .04117    .516    .000
    92       14.38       0     836     602    1438      54  .04267    .490    .000
    93       74.70       0    3142    4328    7470     180  .06690   1.131    .000
    94       31.73    1001    1232     940    3173      43  .05733    .841    .000
    95       18.59    1048     337     474    1859      43  .05414    .749    .000
    96        6.88       0     148     540     688      33  .06137    .674    .000
    97       46.42    1180    2175    1287    4642      73  .02647    .417    .000
    98         .42       0      26      16      42       4  .10230   1.156    .000
    99       10.71       0     636     435    1071      60  .06557    .794    .000
   100        1.28       0      65      63     128      14  .11777   1.377    .000
   101       36.45    1035    1879     731    3645      89  .06804   1.142    .000
   102       27.52       0    1276    1476    2752      73  .04974    .611    .000
   103       33.03    1158    1165     980    3303      83  .08869   1.455    .000
   104       18.24       0     625    1199    1824      40  .10329   1.790    .000
   105       28.05       0    1784    1021    2805      46  .13741   2.223    .000
   106        6.66       0     497     169     666      35  .15892   2.827    .000
   107       33.81    1006    1060    1315    3381      58  .04164    .625    .000
   108        3.91       0     215     176     391      26  .16963   2.861    .000
   109       21.14       0    1627     487    2114      57  .09378   1.478    .000
   110       27.51       0    1460    1291    2751      55  .05620    .788    .000
   111       16.88    1005     390     293    1688      39  .02450    .323    .000
   112       18.06    1542     126     138    1806      24  .02460    .324    .000
   113       16.87    1095     255     337    1687      28  .05755    .822    .000
   114       16.81    1007     349     325    1681      26  .07376   1.087    .000
   115       38.54    1008    1417    1429    3854     140  .09766   1.506    .000
   116       10.72       0     524     548    1072      36  .07957   1.009    .000
   117       19.07    1004     212     691    1907      64  .08313   1.265    .000
   118        2.88       0     164     124     288      16  .07652    .840    .000
   119       35.03       0    2171    1332    3503      82  .10192   1.765    .000
   120         .07       0       5       2       7       2  .00572    .077    .000
   121       75.06    1002    4335    2169    7506     168  .08154   1.210    .000
   122       51.26       0    2151    2975    5126     124  .12161   2.091    .000
   123       30.21    1139    1048     834    3021      60  .09549   1.517    .000
   124       14.31       0    1144     287    1431      30  .11415   1.837    .000
   125        9.90       0     589     401     990      43  .14115   2.361    .000
   126       13.50       0     873     477    1350      51  .10439   1.649    .000
   127       31.63    1047    1624     492    3163      51  .05358    .765    .000
   128        5.70       0     168     402     570      22  .08392   1.305    .000
   129       28.31       0    1996     835    2831      58  .06496    .954    .000
   130       14.59       0    1138     321    1459      32  .04845    .647    .000
   131       56.48    1338    1022    3288    5648      32  .01590    .197    .000
   132       16.86    1041     159     486    1686      36  .02450    .299    .000
   133       67.94    1189    2833    2772    6794      73  .02740    .357    .000
   134       40.68    1223    1557    1288    4068      57  .04792    .671    .000
   135       39.58    1001    1091    1866    3958      82  .06031    .854    .000
   136       66.16    1094    1580    3942    6616     101  .08342   1.212    .000
   137       32.95    1003    2111     181    3295      89  .08224   1.225    .000
   138         .26       0      15      11      26       3  .12188   1.317    .000
   139        2.74       0     168     106     274      29  .13812   1.580    .000
   140        1.19       0      63      56     119      23  .12820   1.309    .000
   141       16.84    1238     393      53    1684      26  .04505    .521    .000
   142       19.69       0    1505     464    1969      54  .00844    .116    .000
   143       28.36    1525     508     803    2836      37  .02643    .340    .000
   144       22.87    1429     623     235    2287      21  .00696    .101    .000
   145       14.84       0     177    1307    1484      41  .04143    .474    .000
   146        3.95       0     252     143     395      56  .16532   1.852    .000
   147        6.31       0     449     182     631      30  .01371    .157    .000
   148       58.86    1001    1391    3494    5886     154  .05115    .792    .000
   149       19.37    1021     134     782    1937      24  .00870    .124    .000
   150         .42       0      22      20      42       7  .18439   2.117    .000
   151       15.99       0     378    1221    1599      78  .05804    .712    .000
   152       15.87       0     768     819    1587      58  .09608   1.360    .000
   153        5.63       0     169     394     563      30  .09367   1.232    .000
   154       22.61       0    1301     960    2261      60  .14543   2.463    .000
   155        6.92       0     300     392     692      26  .13502   2.538    .000
   156       16.34    1021     508     105    1634      24  .09936   1.475    .000
   157       25.80    1280    1063     237    2580      28  .12157   1.805    .000
   158       15.98       0     878     720    1598      23  .13151   2.314    .000
   159       14.58       0     397    1061    1458      30  .09783   1.531    .000
   160       15.53    1059     382     112    1553      28  .11667   1.883    .000
   161       45.73       0    1889    2684    4573      83  .14906   2.518    .000
   162       21.79       0    1532     647    2179      65  .15341   2.613    .000
   163       23.33    1017     811     505    2333      43  .11001   1.698    .000
   164       43.21       0    1536    2785    4321      69  .14110   2.247    .000
   165       18.96    1204     476     216    1896      26  .10590   1.605    .000
   166       39.03       0    2112    1791    3903      65  .06228    .932    .000
   167       33.41    1001     788    1552    3341      54  .05304    .736    .000
   168       16.37    1008     194     435    1637      31  .05414    .722    .000
   169       32.63       0    1285    1978    3263      55  .12762   2.072    .000
   170        1.18       0      89      29     118      11  .20381   3.463    .000
   171       24.55    1189     888     378    2455      49  .08446   1.279    .000
   172       33.38       0    1419    1919    3338      78  .13745   2.205    .000
   173        7.34       0     160     574     734      23  .09873   1.356    .000
   174       25.59    1061     978     520    2559      65  .03800    .489    .000
   175       74.89    1828    3905    1756    7489     107  .07811   1.173    .000
   176        7.19       0     253     466     719      29  .10365   1.592    .000
   177       26.91    1434    1018     239    2691      69  .02560    .330    .000
   178       19.08    1073     432     403    1908      30  .07942   1.127    .000
   179       24.25    1077     537     811    2425      48  .06829    .956    .000
   180       15.73    1181     105     287    1573      26  .09736   1.648    .000
   181       50.99       0    2744    2355    5099     187  .14779   2.532    .000
   182       27.63       0    1172    1591    2763      79  .10960   1.811    .000
   183       82.21    1175    4741    2305    8221     179  .04808    .675    .000
   184       45.72       0    1233    3339    4572      86  .06388    .974    .000
   185       27.86    1003    1466     317    2786      37  .03548    .467    .000
   186       48.36       0    1954    2882    4836      83  .04947    .691    .000
   187       48.50       0    2585    2265    4850     100  .03928    .509    .000
   188       74.30    1001    4855    1574    7430      74  .01988    .264    .000
   189       25.86    1183     971     432    2586      92  .01632    .206    .000
   190        1.62       0      30     132     162      12  .07558    .889    .000
   191       36.74    1053    1387    1234    3674     108  .02366    .304    .000
   192       53.48    1106    1070    3172    5348      76  .02287    .289    .000
   193       48.22       0    2513    2309    4822      82  .06458    .943    .000
   194       49.16    1520    1684    1712    4916      62  .02571    .337    .000
   195       56.91    1011    1311    3369    5691      91  .02651    .340    .000
   196       19.67    1435     155     377    1967      30  .06223    .889    .000
   197       52.42       0    3450    1792    5242      95  .07145   1.045    .000
   198       37.24    1015    1046    1663    3724      71  .07816   1.132    .000
   199       28.05    1225     557    1023    2805      76  .06686    .952    .000
   200        1.49       0      87      62     149      23  .19514   2.004    .000
   201        6.36       0     251     385     636      59  .09452    .998    .000
   202        2.46       0     220      26     246       8  .01584    .182    .000
   203        3.27       0     116     211     327      16  .01254    .159    .000
   204       16.03    1033     435     135    1603      34  .00657    .100    .000
   205       11.27       0      72    1055    1127      18  .00596    .093    .000
   206       25.02    1283    1137      82    2502      34  .02343    .359    .000
   207       10.31       0     332     699    1031      55  .00818    .115    .000
   208       24.05    1063     341    1001    2405      45  .04823    .744    .000
   209       49.69    1132    1426    2411    4969     148  .04792    .689    .000
   210       45.13    1177    2420     916    4513      92  .00633    .096    .000
   211         .02       0       2       0       2       1  .15999   1.371    .000
   212        2.15       0     142      73     215      42  .13456   1.245    .000
   213       11.79       0    1086      93    1179      53  .03342    .336    .000
   214         .04       0       4       0       4       1  .09643    .957    .000
   215       10.56       0     427     629    1056     110  .06985    .802    .000
   216       19.22    1217     347     358    1922      35  .06554    .954    .000
   217       11.21       0     453     668    1121      31  .09143   1.350    .000
   218       18.17       0    1133     684    1817      53  .12970   2.094    .000
   219       21.07    1198     811      98    2107      28  .09116   1.345    .000
   220       36.40       0    1365    2275    3640      78  .12042   1.823    .000
   221       53.49    1000    2890    1459    5349      52  .05440    .740    .000
   222        3.91       0     254     137     391      26  .13053   2.058    .000
   223       20.05    1006     357     642    2005      29  .09329   1.352    .000
   224      137.98    1157    6859    5782   13798     271  .04147    .574    .000
   225      111.47       0    5292    5855   11147     209  .09469   1.493    .000
   226        9.55       0     524     431     955      35  .06070    .854    .000
   227        2.31       0     165      66     231      18  .07163    .917    .000
   228       52.28       0    3345    1883    5228      76  .03601    .492    .000
   229       23.05    1017     422     866    2305      55  .02370    .311    .000
   230       30.83       0     500    2583    3083      39  .03305    .448    .000
   231        7.04       0     531     173     704      37  .05044    .691    .000
   232       29.02    1003    1539     360    2902      52  .01784    .234    .000
   233        9.47       0     313     634     947      46  .03246    .418    .000
   234       22.71    1002     341     928    2271      52  .01715    .216    .000
   235       14.05    1003     204     198    1405      33  .01920    .237    .000
   236        2.85       0      84     201     285      17  .05506    .737    .000
   237        4.77       0     284     193     477      29  .04534    .580    .000
   238       13.83    1023     245     115    1383      25  .02070    .261    .000
   239       23.31    1434     462     435    2331      37  .02294    .278    .000
   240       16.79    1001     449     229    1679      24  .02181    .288    .000
   241       39.12    1005    1387    1520    3912      92  .02618    .348    .000
   242       51.00       0    1393    3707    5100     106  .03920    .523    .000
   243       29.67    1006     870    1091    2967      65  .02275    .293    .000
   244       17.55    1034     247     474    1755      41  .02393    .305    .000
   245       22.00    1109     981     110    2200      29  .03433    .456    .000
   246       37.76       0    2779     997    3776      76  .00926    .131    .000
   247       22.44    1002     692     550    2244      37  .05297    .927    .000
   248       28.71    1020     854     997    2871      63  .05311    .912    .000
   249        2.81       0     168     113     281      63  .12667   1.148    .000
   250       49.23       0    2214    2709    4923     191  .02769    .414    .000
   251       26.60    1007    1386     267    2660      43  .05533    .783    .000
   252       36.37    1015     967    1655    3637      88  .04822    .680    .000
   253       15.59       0    1327     232    1559      22  .01364    .158    .000
   254        2.60       0     170      90     260      72  .08476    .725    .000
   255         .24       0      11      13      24       6  .02863    .266    .000
   256        1.42       0     132      10     142       8  .00802    .104    .000
   257       28.04    1187     274    1343    2804      50  .02340    .319    .000
   258       15.74    1000     424     150    1574      34  .03369    .452    .000
   259        5.04       0     334     170     504      44  .01178    .135    .000
   260       49.10    1393    2001    1516    4910     140  .03297    .452    .000
   261       26.05    1069     720     816    2605     100  .02219    .297    .000
   262         .05       0       3       2       5       2  .04013    .414    .000
   263        3.64       0     234     130     364     109  .06720    .564    .000
   264       19.88       0     506    1482    1988      64  .02376    .310    .000
   265       51.35    1067    2183    1885    5135     141  .04778    .653    .000
   266       31.29    1097     931    1101    3129      77  .04357    .581    .000
   267       86.29       0    4839    3790    8629     195  .06828    .940    .000
   268        4.59       0     324     135     459      29  .10211   1.535    .000
   269       22.81    1027     926     328    2281      34  .05786    .803    .000
   270       10.07       0     349     658    1007      28  .09620   1.497    .000
   271       53.12       0    3576    1736    5312      97  .06008    .842    .000
   272       36.14    1082    1178    1354    3614      52  .03347    .434    .000
   273       47.29    1048     647    3034    4729     114  .02290    .295    .000
   274       55.97    1043    1941    2613    5597     115  .05545    .784    .000
   275       44.10    1025     876    2509    4410      96  .06266    .880    .000
   276       24.72    1229     639     604    2472      86  .00913    .119    .000
   277         .56       0      30      26      56      15  .09009    .799    .000
   278       75.81       0    3882    3699    7581     171  .00820    .118    .000
   279        3.56       0      24     332     356      15  .00679    .094    .000
   280       30.19       0    2429     590    3019     148  .01630    .223    .000
   281       37.55    1000    1522    1233    3755      39  .02657    .349    .000
   282       14.49    1004     200     245    1449      21  .01764    .235    .000
   283       28.06    1672     299     835    2806      89  .02356    .318    .000
   284       59.42    1005     553    4384    5942      59  .01070    .141    .000
   285       56.02       0    2348    3254    5602     133  .02457    .285    .000
   286        7.99       0     631     168     799      24  .01186    .151    .000
   287       14.84       0     375    1109    1484     106  .01594    .190    .000
   288       18.11    1000     419     392    1811      37  .00932    .121    .000
   289       45.78    1444    2178     956    4578     108  .00694    .097    .000
   290       21.77       0    1449     728    2177      35  .00958    .134    .000
   291       29.80    1139    1043     798    2980      67  .00705    .106    .000
   292       17.19    1287     275     157    1719      30  .00839    .120    .000
   293       14.75       0      52    1423    1475      20  .01778    .222    .000
   294       37.97       0    2686    1111    3797      92  .02389    .261    .000
   295        1.39       0     106      33     139      20  .01152    .156    .000
   296       11.51       0     389     762    1151      70  .00929    .121    .000
   297         .08       0       8       0       8       1  .00001    .032    .000
   298       64.33       0    4149    2284    6433     184  .01206    .161    .000
   299       36.62    1707    1410     545    3662      63  .00715    .104    .000
   300         .89       0      29      60      89       8  .03310    .362    .000
   301       20.65    1067     168     830    2065      51  .00887    .119    .000
   302       34.00    1081     947    1372    3400      55  .01144    .156    .000
   303       20.89    1034     886     169    2089      55  .01768    .222    .000
   304       28.06    1014    1399     393    2806      62  .01102    .152    .000
   305       16.96    1007     288     401    1696      38  .01125    .153    .000
   306       29.45    1042     536    1367    2945      61  .00989    .133    .000
   307       36.66    1296     412    1958    3666      56  .01547    .205    .000
   308         .23       0      15       8      23       9  .08826    .737    .000
   309       30.00       0    1302    1698    3000      86  .01408    .183    .000
   310       47.22    1009    1765    1948    4722     161  .01939    .257    .000
   311       27.91    1083     335    1373    2791      44  .01269    .173    .000
   312        6.48       0      53     595     648      25  .01481    .166    .000
   313       23.95       0    1511     884    2395      75  .02168    .246    .000
   314       56.94    1003    2625    2066    5694      89  .01835    .234    .000
   315       57.51    1103    2733    1915    5751     139  .01320    .173    .000
   316       61.91    1007    1295    3889    6191     144  .01444    .193    .000
   317       37.71    1215    1127    1429    3771      55  .01005    .140    .000
   318       23.02    1067     221    1014    2302      45  .01910    .238    .000
   319       21.28    1063     346     719    2128      45  .01478    .192    .000
   320       14.06       0     897     509    1406      35  .01985    .268    .000
   321      138.82    1005    8667    4210   13882     278  .01117    .156    .000
   322       21.66    1053     494     619    2166      67  .01074    .143    .000
   323       51.07       0    1857    3250    5107      62  .02200    .275    .000
   324         .27       0      18       9      27       3  .08840    .990    .000
   325        2.47       0     235      12     247       9  .02788    .386    .000
   326       27.91    1009    1237     545    2791      78  .01283    .178    .000
   327       41.00    1607     624    1869    4100      85  .01235    .158    .000
   328       39.89       0    1451    2538    3989     172  .04500    .494    .000
   329         .12       0       8       4      12       4  .14253   1.329    .000
   330       51.17       0    1209    3908    5117     133  .00855    .115    .000
   331       48.48    1014    2383    1451    4848      96  .01122    .153    .000
   332       82.76    1348    4474    2454    8276     148  .00937    .131    .000
   333         .59       0      37      22      59      12  .12588   1.453    .000
   334       49.44       0    4635     309    4944     173  .03531    .392    .000
   335       57.63    1251    2844    1668    5763     130  .01160    .158    .000
   336        6.87       0     146     541     687      40  .05551    .552    .000
   337       30.62    1108    1453     501    3062      42  .00868    .123    .000
   338       37.02       0    3437     265    3702     103  .03054    .337    .000
   339       17.46       0    1261     485    1746      36  .00772    .114    .000
   340       23.87       0    1120    1267    2387      72  .00874    .127    .000
   341       54.60    1504    2707    1249    5460      99  .01627    .216    .000
   342       56.31       0    3465    2166    5631     117  .01492    .196    .000
   343       34.74       0    1361    2113    3474      93  .00832    .117    .000
   344       15.10    1041     227     242    1510      22  .00762    .118    .000
   345       21.92    1830      95     267    2192      20  .00696    .104    .000
   346       24.06    1025     990     391    2406      40  .00786    .115    .000
   347       77.30    1012    3308    3410    7730     160  .00890    .126    .000
   348       19.32       0    1186     746    1932     347  .10939   1.094    .000
   349       21.49       0    1407     742    2149      67  .03004    .334    .000
   350       22.40       0     786    1454    2240     192  .08331    .938    .000
   351       16.02       0     255    1347    1602      93  .07309    .923    .000
   352       34.00       0    1450    1950    3400     144  .04947    .618    .000
   353       20.06    1130     641     235    2006      34  .03407    .446    .000
   354       51.35    1133    2349    1653    5135     118  .05233    .707    .000
   355       49.82    1101    3273     608    4982      49  .03455    .453    .000
   356       18.92    1370      88     434    1892      24  .06379    .989    .000
   357        1.63       0      32     131     163      15  .04691    .490    .000
   358        2.99       0      40     259     299      13  .00567    .089    .000
   359       15.04    1240     200      64    1504      28  .00703    .102    .000
   360        4.88       0     450      38     488      19  .00814    .111    .000
   361       18.52       0    1377     475    1852      18  .00831    .118    .000
   362       95.61    1547    4385    3629    9561     105  .02969    .455    .000
   363       40.04    1035    1703    1266    4004      73  .00815    .114    .000
   364       22.15    1011     677     527    2215      49  .00609    .093    .000
   365       55.20    1064    1094    3362    5520      92  .01439    .174    .000
   366        5.72       0      98     474     572      22  .00705    .105    .000
   367       17.81    1113     636      32    1781      36  .01424    .180    .000
   368       30.27    1049     489    1489    3027      48  .01255    .164    .000
   369        1.85       0      60     125     185       6  .01567    .174    .000
   370       29.94    1406     513    1075    2994      89  .00727    .104    .000
   371       20.54       0    1332     722    2054      96  .01269    .147    .000
   372       19.13    1144     491     278    1913      36  .00428    .074    .000
   373        6.28       0     450     178     628      38  .00736    .098    .000
   374      105.57       0    4066    6491   10557     344  .00525    .082    .000
   375       50.68       0    3480    1588    5068     178  .00477    .080    .000
   376       43.37    1195    1521    1621    4337     150  .00805    .105    .000
   377       25.50       0    1067    1483    2550      88  .00618    .090    .000
   378        3.59       0      98     261     359      41  .01150    .134    .000
   379       51.27    1044     621    3462    5127     108  .00606    .091    .000
   380       46.26    1031    2754     841    4626      84  .00517    .084    .000
   381       33.88    1000    1128    1260    3388      72  .00711    .102    .000
   382       72.65    1031    1616    4618    7265     135  .00647    .098    .000
   383        4.52       0     142     310     452      51  .03238    .297    .000
   384        1.32       0      73      59     132      29  .04011    .369    .000
   385       38.77       0    2557    1320    3877      97  .00642    .093    .000
   386       17.19       0    1207     512    1719      78  .01018    .121    .000
   387       28.84    1150    1382     352    2884      34  .00416    .073    .000
   388         .39       0      23      16      39       8  .02623    .243    .000
   389        2.69       0     172      97     269      62  .04058    .344    .000
   390       29.76    1006    1648     322    2976      30  .00489    .081    .000
   391         .46       0      30      16      46      15  .03273    .281    .000
   392       17.16    1036     144     536    1716      33  .00566    .089    .000
   393       15.51       0     871     680    1551      47  .01016    .128    .000
   394       11.06    1000      43      63    1106      23  .00498    .082    .000
   395       30.28    1042    1461     525    3028      33  .00895    .117    .000
   396       24.57    1008     954     495    2457      38  .00451    .077    .000
   397       48.54    1219    1924    1711    4854     146  .00792    .110    .000
   398       26.45       0    1674     971    2645      84  .01577    .174    .000
   399       44.10       0    1348    3062    4410      90  .01686    .189    .000
   400         .20       0      14       6      20       9  .03299    .276    .000
   401       13.37    1113     100     124    1337      27  .01133    .140    .000
   402       18.35    1135     169     531    1835      23  .00905    .123    .000
   403       27.29       0    1226    1503    2729     119  .01302    .156    .000
   404       23.30    1009    1155     166    2330      25  .00883    .124    .000
   405       17.82    1043     531     208    1782      37  .01478    .171    .000
   406       37.74    1106     624    2044    3774      74  .01014    .129    .000
   407       18.46    1067     404     375    1846      40  .00995    .135    .000
   408         .75       0      49      26      75      16  .11685   1.122    .000
   409       28.14    1087    1299     428    2814      91  .01164    .140    .000
   410        9.11       0     114     797     911      56  .02449    .247    .000
   411       56.62    1368     930    3364    5662     175  .01538    .174    .000
   412       39.49    1209    1310    1430    3949      76  .00741    .108    .000
   413       45.92       0    1384    3208    4592     111  .01028    .145    .000
   414       34.15    1514     953     948    3415      86  .00798    .114    .000
   415       61.69    1291     953    3925    6169      98  .00632    .099    .000
   416       18.32       0    1462     370    1832      66  .02621    .306    .000
   417       46.27    1138    1756    1733    4627     102  .00731    .110    .000
   418       87.51       0    3804    4947    8751     246  .00773    .114    .000
   419       31.05       0    1512    1593    3105      94  .00731    .108    .000
   420       45.42       0    2893    1649    4542     131  .00910    .128    .000
   421        1.80       0      55     125     180      13  .00626    .094    .000
   422       27.72       0    1796     976    2772      76  .01621    .191    .000
   423       12.51    1000     151     100    1251      23  .01611    .183    .000
   424       79.61       0    3927    4034    7961     206  .00989    .128    .000
   425       34.55    1157    2094     204    3455      30  .01024    .136    .000
   426       31.19    1233     766    1120    3119      71  .00710    .101    .000
   427       39.95    1239    1250    1506    3995      92  .01078    .137    .000
   428       16.77    1101      98     478    1677      25  .01469    .164    .000
   429       43.51    1017    1806    1528    4351      98  .00760    .107    .000
   430       34.83    1065    1963     455    3483      80  .00550    .088    .000
   431      108.39    1490    3195    6154   10839     205  .01204    .167    .000
   432       23.85    1000     411     974    2385      55  .02239    .300    .000
   433        7.01       0     447     254     701      43  .01602    .184    .000
   434       43.16       0    2277    2039    4316      85  .02698    .328    .000
   435       36.63    1417    1283     963    3663      90  .01643    .223    .000
   436       20.27    1017     220     790    2027      46  .03215    .411    .000
   437        6.49       0     245     404     649      31  .02451    .257    .000
   438       15.92    1010     258     324    1592      37  .01959    .217    .000
   439       34.82       0    1663    1819    3482     126  .02059    .229    .000
   440       18.03       0     722    1081    1803      73  .02268    .288    .000
   441       40.01    1572    1926     503    4001      59  .03009    .400    .000
   442       31.10       0    2277     833    3110     126  .02617    .320    .000
   443       24.41    1017     759     665    2441     100  .01496    .207    .000
   444       37.43       0    2094    1649    3743      84  .02370    .294    .000
   445        7.09       0     445     264     709      55  .05851    .818    .000
   446       23.73       0    1226    1147    2373     100  .00693    .105    .000
   447       13.77    1000     234     143    1377      23  .00485    .081    .000
   448       62.50    1021    3426    1803    6250     146  .00586    .091    .000
   449       65.51    1029    3249    2273    6551     187  .03231    .453    .000
   450        1.23       0      84      39     123      13  .00522    .077    .000
   451       15.54    1096     286     172    1554      39  .01651    .179    .000
   452       21.33       0     924    1209    2133      80  .01610    .183    .000
   453       36.07       0    2203    1404    3607     112  .01358    .157    .000
   454        9.19       0     393     526     919      34  .00952    .121    .000
   455       25.20       0    1218    1302    2520      75  .02505    .328    .000
   456       13.02    1112      89     101    1302      23  .01838    .251    .000
   457         .32       0      11      21      32       5  .00093    .041    .000
   458        9.84       0     780     204     984      51  .04647    .639    .000
   459       30.34    1018     640    1376    3034      41  .01813    .253    .000
   460       12.16       0     843     373    1216      56  .02570    .331    .000
   461       14.26    1016     215     195    1426      31  .02048    .263    .000
   462       31.63       0    1355    1808    3163      60  .03607    .469    .000
   463       13.59       0     620     739    1359      43  .02008    .303    .000
   464        1.08       0      21      87     108       9  .01584    .160    .000
   465       41.79    1160    1329    1690    4179      77  .02018    .263    .000
   466        3.23       0      32     291     323      11  .01589    .169    .000
   467       20.17       0     386    1631    2017      52  .01104    .136    .000
   468       23.70    1136     540     694    2370      66  .01926    .218    .000
   469       18.94    1106     237     551    1894      35  .00749    .106    .000
   470       15.93    1013     235     345    1593      33  .01415    .160    .000
   471       22.60       0     636    1624    2260      80  .01623    .173    .000
   472       37.73    1306     746    1721    3773      85  .01463    .169    .000
   473       24.25    1588     396     441    2425      35  .01220    .143    .000
   474        7.09       0     223     486     709      36  .02149    .237    .000
   475       61.52       0    1453    4699    6152     162  .01196    .142    .000
   476       38.76       0    1583    2293    3876     102  .01447    .163    .000
   477        3.08       0     125     183     308      25  .01152    .140    .000
   478       20.03       0    1198     805    2003     104  .02575    .282    .000
   479       50.80    1117    1152    2811    5080     115  .02962    .391    .000
   480       13.77       0     794     583    1377      47  .01889    .242    .000
   481        2.38       0     138     100     238       6  .00791    .101    .000
   482       26.05       0    1369    1236    2605      61  .01893    .250    .000
   483         .24       0      14      10      24       4  .01481    .165    .000
   484       22.31       0    1151    1080    2231     117  .02728    .325    .000
   485       73.03       0    4608    2695    7303     217  .00963    .127    .000
   486       47.13    1015    1852    1846    4713      92  .00868    .117    .000
   487       62.15       0    3314    2901    6215     218  .00728    .107    .000
   488       27.82    1055     570    1157    2782      40  .00751    .107    .000
   489       91.43    1032    3584    4527    9143     277  .00700    .104    .000
   490         .58       0      34      24      58      14  .03174    .306    .000
   491       28.17    1052    1174     591    2817      75  .00668    .100    .000
   492        5.37       0     293     244     537      17  .00526    .082    .000
   493       31.89       0    1841    1348    3189      44  .00797    .115    .000
   494       15.60       0     888     672    1560      32  .01260    .172    .000
   495       30.93    1154     938    1001    3093      56  .01132    .160    .000
   496       14.56    1021     229     206    1456      20  .01531    .203    .000
   497       21.66       0    1871     295    2166      49  .01570    .211    .000
   498       11.89       0     801     388    1189      33  .01233    .175    .000
   499       31.18       0    2370     748    3118      88  .01249    .165    .000
   500       35.91    1183     904    1504    3591      84  .01346    .182    .000
   501        4.74       0     381      93     474      19  .01034    .146    .000
   502       20.65       0    1073     992    2065      44  .01551    .202    .000
   503       25.29       0     971    1558    2529      75  .01270    .168    .000
   504       24.68    1037     621     810    2468      34  .01244    .166    .000
   505       49.50       0    2575    2375    4950     128  .00890    .124    .000
   506       21.22    1000     604     518    2122      53  .00684    .101    .000
   507       98.26    1036    3743    5047    9826     225  .01645    .220    .000
   508        4.84       0      39     445     484      11  .01203    .171    .000
   509      111.93    1754    6365    3074   11193     184  .01622    .211    .000
   510       58.94    1034    2771    2089    5894     102  .01790    .238    .000
   511       34.70    1002    1280    1188    3470      68  .01467    .193    .000
   512       22.56    1146     674     436    2256      46  .00939    .130    .000
   513       18.73    1077     533     263    1873      39  .00840    .117    .000
   514       18.02    1031     462     309    1802      33  .00685    .100    .000
   515       19.88    1787     144      57    1988      38  .03670    .489    .000
   516       16.55    1003     474     178    1655      55  .01538    .186    .000
   517         .79       0      40      39      79       6  .00220    .051    .000
   518       19.91    1723     149     119    1991      27  .01105    .136    .000
   519       71.82       0    2549    4633    7182     198  .01569    .191    .000
   520      105.59       0    6523    4036   10559     255  .01526    .205    .000
   521       48.73    1238    1701    1934    4873      98  .01682    .228    .000
   522       15.73    1003     355     215    1573      32  .00689    .103    .000
   523       65.51    1005    3607    1939    6551     146  .02566    .344    .000
   524        7.64       0     540     224     764      26  .01725    .206    .000
   525       14.94    1063     324     107    1494      30  .01178    .147    .000
   526       23.05    1018     661     626    2305      55  .01289    .165    .000
   527       33.66       0    1710    1656    3366     112  .02110    .242    .000
   528        2.20       0     150      70     220      15  .01254    .146    .000
   529        1.85       0      89      96     185      11  .02485    .288    .000
   530       77.43    1537    2794    3412    7743     137  .01236    .150    .000
   531       56.13    1273    2046    2294    5613     106  .01629    .196    .000
   532       16.01    1014     106     481    1601      23  .02378    .289    .000
   533       18.08    1034     208     566    1808      55  .02332    .246    .000
   534       65.04       0    3720    2784    6504     196  .03268    .514    .000
   535       35.17       0    2319    1198    3517     114  .01531    .181    .000
   536         .27       0       7      20      27       4  .00954    .114    .000
   537        3.42       0     206     136     342      11  .01068    .127    .000
   538       61.36       0    4091    2045    6136     167  .01165    .143    .000
   539       10.60       0     576     484    1060      61  .01627    .179    .000
   540       13.60       0     236    1124    1360      57  .01944    .203    .000
   541       29.59    1507    1067     385    2959      65  .02099    .237    .000
   542        2.62       0     206      56     262      33  .05472    .735    .000
   543       52.03    1021    2565    1617    5203     110  .02090    .277    .000
   544        7.89       0     514     275     789      75  .04942    .565    .000
   545       36.07    1016     473    2118    3607      49  .02478    .321    .000
   546        2.09       0     157      52     209      19  .03788    .410    .000
   547       17.88    1049     356     383    1788      41  .01685    .226    .000
   548        9.45       0     796     149     945      42  .03588    .436    .000
   549        1.37       0      85      52     137      16  .05384    .634    .000
   550       21.82    1023     576     583    2182      57  .02299    .311    .000
   551       22.49    1016     121    1112    2249      24  .02134    .279    .000
   552       34.16    1513     764    1139    3416     100  .02231    .281    .000
   553       50.47       0    1654    3393    5047     174  .01911    .201    .000
   554       17.91    1004     579     208    1791      36  .01655    .181    .000
   555       15.78    1011     339     228    1578      61  .01763    .192    .000
   556        1.71       0      29     142     171      11  .00551    .083    .000
   557       14.51       0     540     911    1451      95  .01879    .197    .000
   558       11.32       0     973     159    1132      63  .01275    .145    .000
   559       15.17    1002     345     170    1517      42  .00706    .094    .000
   560        6.92       0     249     443     692      38  .01015    .124    .000
   561        9.76       0     539     437     976      51  .00777    .100    .000
   562       27.90       0    2033     757    2790      93  .01213    .144    .000
   563       30.15    1272     192    1551    3015      46  .01632    .193    .000
   564       32.84    1061     408    1815    3284      47  .01830    .219    .000
   565       11.74    1063      88      23    1174      30  .01503    .172    .000
   566        2.50       0     213      37     250      19  .01283    .143    .000
   567       19.61    1191     399     371    1961      46  .03820    .466    .000
   568        8.71       0     633     238     871      56  .02162    .246    .000
   569       53.94       0    2404    2990    5394     126  .01963    .262    .000
   570       14.33    1015     225     193    1433      24  .01177    .156    .000
   571       63.06    1030    2614    2662    6306     134  .02116    .279    .000
   572       12.11       0     410     801    1211      96  .02270    .242    .000
   573        2.27       0     151      76     227      43  .05619    .498    .000
   574       28.87       0    1988     899    2887     144  .02025    .257    .000
   575       34.57    1001    1324    1132    3457      85  .01594    .207    .000
   576       73.26    1049    2437    3840    7326     144  .02244    .303    .000
   577       35.81       0     967    2614    3581     207  .03082    .323    .000
   578       38.35       0    1443    2392    3835     113  .03991    .499    .000
   579       16.49    1006     344     299    1649      37  .03690    .510    .000
   580       10.25       0     668     357    1025      49  .03818    .433    .000
   581       22.05    1064     474     667    2205      30  .02588    .359    .000
   582       43.88       0    2503    1885    4388      96  .04651    .605    .000
   583        7.28       0     679      49     728      16  .04477    .540    .000
   584       14.29       0      32    1397    1429      13  .03931    .487    .000
   585       22.05    1049     134    1022    2205      54  .04849    .676    .000
   586       62.04    1161    1221    3822    6204     106  .05644    .764    .000
   587       16.16    1137     313     166    1616      37  .03029    .386    .000
   588      121.56    1372    3333    7451   12156     239  .03370    .453    .000
   589         .73       0      55      18      73      14  .04485    .427    .000
   590        6.80       0     397     283     680      27  .03365    .387    .000
   591        8.59       0     799      60     859      10  .00865    .126    .000
   592       20.87    1053     492     542    2087      60  .00687    .103    .000
   593        7.99       0     157     642     799      26  .01344    .163    .000
   594       22.81    1000     273    1008    2281      31  .00482    .079    .000
   595        6.19       0     347     272     619      29  .00966    .134    .000
   596        7.48       0     299     449     748      39  .00500    .082    .000
   597       40.80    1011     863    2206    4080      77  .02706    .413    .000
   598       47.40    1133    2630     977    4740     104  .02423    .326    .000
   599       12.16       0      89    1127    1216      15  .00615    .095    .000
   600       19.41    1057     499     385    1941      48  .02162    .307    .000
   601        3.61       0     247     114     361      23  .00481    .080    .000
   602        4.39       0     250     189     439      23  .00674    .101    .000
   603       18.82    1101     180     601    1882      42  .03270    .444    .000
   604       20.38    1037     673     328    2038      31  .03167    .438    .000
   605       28.70    1103     982     785    2870      65  .01894    .265    .000
   606       46.51       0    3363    1288    4651     226  .04521    .536    .000
   607        5.87       0     146     441     587      25  .05499    .697    .000
   608       18.86       0     622    1264    1886      47  .04770    .630    .000
   609       75.89       0    3860    3729    7589     131  .04215    .541    .000
   610       31.68    1011    1431     726    3168      46  .03133    .401    .000
   611       46.28    1006    2358    1264    4628      67  .03983    .516    .000
   612       31.10    1007     727    1376    3110      64  .02493    .323    .000
   613       20.02       0     752    1250    2002      47  .04001    .518    .000
   614       16.05       0     774     831    1605      39  .04364    .575    .000
   615       24.52       0    1677     775    2452      42  .03509    .474    .000
   616       26.39    1009    1046     584    2639      61  .02486    .319    .000
   617       75.74       0    3536    4038    7574     130  .03723    .505    .000
   618       25.20    1226    1083     211    2520      49  .03532    .473    .000
   619       36.06    1066    1880     660    3606      49  .02706    .344    .000
   620       25.30    1039     600     891    2530      53  .02543    .330    .000
   621      112.33       0    6288    4945   11233     221  .04688    .639    .000
   622         .43       0      21      22      43       8  .01289    .161    .000
   623       29.86    1005     432    1549    2986      91  .03168    .394    .000
   624       20.06    1022     501     483    2006      49  .03336    .424    .000
   625       36.22       0    2307    1315    3622      43  .02820    .360    .000
   626       27.55    1003     332    1420    2755      28  .02715    .353    .000
   627       34.25    1011    1378    1036    3425      45  .01418    .187    .000
   628       26.96       0     567    2129    2696      45  .03308    .439    .000
   629       20.08       0    1155     853    2008      30  .02549    .334    .000
   630        2.60       0     193      67     260      13  .02968    .378    .000
   631       17.77    1174     328     275    1777      27  .02112    .271    .000
   632        2.31       0      94     137     231      17  .03931    .509    .000
   633       64.14    1004    1753    3657    6414     129  .02571    .335    .000
   634       19.95    1003     329     663    1995      60  .02242    .295    .000
   635       15.41    1002     415     124    1541      26  .01775    .235    .000
   636         .56       0      31      25      56       6  .04714    .575    .000
   637       40.37    1809     590    1638    4037      54  .01834    .240    .000
   638       29.77    1179     667    1131    2977      47  .01763    .235    .000
   639        1.82       0     111      71     182      18  .03407    .407    .000
   640       35.61    1134    1960     467    3561     107  .00913    .125    .000
   641       81.04    1002    3506    3596    8104     185  .01597    .226    .000
   642       42.97    1043    1431    1823    4297     133  .01671    .230    .000
   643       32.25       0    1614    1611    3225      97  .01346    .155    .000
   644       18.15    1006     640     169    1815      30  .01551    .194    .000
   645       39.75       0    2050    1925    3975      98  .02664    .354    .000
   646       37.88    1017    1762    1009    3788     102  .01037    .140    .000
   647       46.65       0     941    3724    4665     108  .00891    .126    .000
   648       32.80    1000    1461     819    3280      30  .01097    .150    .000
   649       25.57    1173     156    1228    2557      23  .01318    .180    .000
   650       37.07    1196    1208    1303    3707      79  .01772    .199    .000
   651       11.58    1025      64      69    1158      24  .01807    .195    .000
   652       32.25    1001    1736     488    3225      87  .02359    .249    .000
   653       17.35       0     957     778    1735      74  .01457    .162    .000
   654        3.20       0     173     147     320      31  .00628    .090    .000
   655       33.12    1081    1276     955    3312      93  .01465    .172    .000
   656        2.68       0      67     201     268      24  .01098    .132    .000
   657        8.68       0     531     337     868      14  .00567    .087    .000
   658       26.63    1551     356     756    2663      22  .01193    .150    .000
   659        7.41       0     445     296     741      24  .00667    .098    .000
   660       32.17    1003    1268     946    3217      64  .01232    .155    .000
   661       49.71       0    1948    3023    4971     122  .05109    .860    .000
   662        4.74       0     199     275     474      11  .02260    .304    .000
   663        4.16       0     350      66     416      32  .00833    .111    .000
   664        4.13       0     191     222     413      19  .00594    .090    .000
   665       22.17    1264     417     536    2217      44  .01170    .141    .000
   666       15.93    1009     358     226    1593      35  .01000    .129    .000
   667       33.27       0    2611     716    3327      86  .01179    .142    .000
   668       48.15    1070    2897     848    4815      73  .01981    .273    .000
   669       17.89    1168     449     172    1789      22  .01688    .229    .000
   670       48.74       0    2036    2838    4874      77  .01851    .252    .000
   671       29.62    1011     852    1099    2962      66  .00476    .079    .000
   672       43.71    1142    1541    1688    4371      49  .01501    .200    .000
   673        4.20       0     209     211     420      16  .05499    .897    .000
   674       30.98       0     831    2267    3098      86  .07566   1.161    .000
   675       51.08    1125    2578    1405    5108     134  .01463    .195    .000
   676       62.07    1101    1655    3451    6207     118  .04255    .692    .000
   677       12.47    1073      88      86    1247      24  .07547   1.023    .000
   678       15.78    1009     334     235    1578      39  .03189    .479    .000
   679       57.53    1138    1853    2762    5753      67  .03491    .571    .000
   680       73.92       0    2069    5323    7392     204  .10307   1.597    .000
   681       28.10       0    2094     716    2810      48  .10156   1.585    .000
   682       30.31    1105    1155     771    3031      46  .08096   1.174    .000
   683        2.76       0     159     117     276      14  .14373   2.274    .000
   684        1.77       0      31     146     177      10  .13198   1.772    .000
   685       26.77    1013     543    1121    2677      54  .06775   1.039    .000
   686       32.97       0    1279    2018    3297      90  .12807   1.997    .000
   687       24.47       0     809    1638    2447      52  .07096   1.015    .000
   688        1.63       0      46     117     163      10  .08991   1.287    .000
   689       24.68    1032     337    1099    2468      30  .04329    .589    .000
   690       17.80       0    1137     643    1780      19  .05465    .723    .000
   691        3.45       0      50     295     345       9  .06131    .803    .000
   692       14.90    1240     147     103    1490      25  .04083    .548    .000
   693       11.04       0     740     364    1104      36  .06299    .845    .000
   694        7.63       0     685      78     763      19  .04485    .564    .000
   695       45.25    1011    3074     440    4525      79  .02018    .262    .000
   696       15.91    1216     113     262    1591      21  .01975    .259    .000
   697        1.14       0      54      60     114      11  .06506    .818    .000
   698       24.12    1002     387    1023    2412      53  .01754    .239    .000
   699       42.80       0    1536    2744    4280      96  .03473    .465    .000
   700       73.60    1529    3834    1997    7360     155  .02368    .307    .000
   701       39.40    1128     896    1916    3940      63  .03567    .459    .000
   702       41.43    1038    1751    1354    4143     126  .03174    .420    .000
   703       40.80    1062    1196    1822    4080     108  .03661    .495    .000
   704       28.73       0    2123     750    2873      51  .08182   1.172    .000
   705         .65       0      39      26      65       3  .03631    .461    .000
   706        6.85       0     185     500     685      34  .04564    .588    .000
   707       22.61    1008     459     794    2261     143  .02277    .261    .000
   708       15.93    1010     390     193    1593      31  .04841    .657    .000
   709        7.54       0     272     482     754      31  .06208    .865    .000
   710       36.25    1300     741    1584    3625      94  .06593    .912    .000
   711       24.74       0    1845     629    2474      27  .05681    .771    .000
   712       22.68       0    1393     875    2268      61  .07705   1.054    .000
   713       36.26       0    1003    2623    3626      49  .05740    .765    .000
   714       16.87    1003     551     133    1687      33  .04256    .570    .000
   715       29.69    1075     426    1468    2969      73  .05135    .703    .000
   716       33.45       0    1416    1929    3345      59  .06739    .950    .000
   717        7.01       0     500     201     701      20  .07582   1.096    .000
   718        4.50       0     301     149     450      25  .09362   1.405    .000
   719      103.15       0    5224    5091   10315     166  .04154    .555    .000
   720       55.46    1159    2576    1811    5546      90  .01983    .247    .000
   721       21.55    1566     372     217    2155      29  .01337    .173    .000
   722       16.80    1017     250     413    1680      24  .03651    .478    .000
   723       34.39    1030     659    1750    3439      53  .04596    .626    .000
   724       35.79    1000     872    1707    3579      61  .03971    .549    .000
   725       32.76       0    2503     773    3276      71  .05606    .751    .000
   726       18.59    1143     188     528    1859      32  .03425    .430    .000
   727       56.48    1076    1168    3404    5648      76  .02862    .361    .000
   728       33.87    1005    1034    1348    3387      73  .03265    .424    .000
   729        2.98       0     158     140     298      21  .18119   3.022    .000
   730       79.21    1002    3446    3473    7921     170  .03450    .442    .000
   731       43.92       0    1749    2643    4392      46  .06105    .826    .000
   732       35.95       0    3003     592    3595      61  .04255    .570    .000
   733       44.94    1546    2154     794    4494      63  .02456    .318    .000
   734       23.91    1003     502     886    2391      80  .02474    .306    .000
   735        8.28       0     757      71     828      17  .04515    .559    .000
   736       24.82    1410     383     689    2482      68  .02263    .283    .000
   737       17.08    1045     248     415    1708      37  .03774    .483    .000
   738       19.20       0    1473     447    1920      63  .05248    .751    .000
   739       44.88    1020    2654     814    4488      82  .02410    .296    .000
   740       72.04    1064    3209    2931    7204     152  .02032    .249    .000
   741       38.81    1006    1605    1270    3881     169  .03082    .403    .000
   742       99.41       0    5758    4183    9941     281  .04401    .644    .000
   743       11.29       0     569     560    1129      40  .06340    .945    .000
   744       12.16    1019     169      28    1216      24  .00740    .097    .000
   745        7.88       0     756      32     788      10  .00386    .066    .000
   746       18.08    1000     256     552    1808      32  .00552    .079    .000
   748        3.65       0     130     235     365      30  .01195    .132    .000
   749       27.13       0    2276     437    2713      78  .07096   1.159    .000
   750       45.01    1018    1171    2312    4501      46  .06198    .829    .000
   751       23.42    1006     701     635    2342      41  .07930   1.108    .000
   752       40.74       0    2036    2038    4074     136  .10325   1.586    .000
   753       33.37    1016    1082    1239    3337      65  .07138   1.014    .000
   754       40.00       0    2368    1632    4000      94  .10519   1.588    .000
   755        5.93       0     388     205     593      32  .11294   1.693    .000
   756       41.70       0    1634    2536    4170      73  .06682    .997    .000
   757       67.98    1027    2643    3128    6798     111  .03092    .414    .000
   758        5.07       0     223     284     507      22  .07783   1.142    .000
   759       31.06    1014     762    1330    3106      67  .03475    .463    .000
   760       41.51       0    1166    2985    4151      72  .05584    .755    .000
   761        3.44       0     241     103     344      17  .07120    .945    .000
   762       35.48    1015    1283    1250    3548     103  .01887    .238    .000
   763       30.96       0    2176     920    3096      57  .02841    .375    .000
   764        1.98       0     149      49     198      14  .03034    .371    .000
   765        9.18       0     837      81     918      17  .02455    .314    .000
   766       38.10    1039    2551     220    3810      59  .03028    .386    .000
   767       37.72    1024     870    1878    3772      93  .02376    .310    .000
   768       17.82    1002     144     636    1782      35  .02324    .299    .000
   769       26.11    1003     461    1147    2611      55  .02406    .316    .000
   770       30.42       0    1106    1936    3042      52  .04954    .645    .000
   771         .09       0       6       3       9       3  .03035    .295    .000
   772       22.50    1002     706     542    2250      45  .02254    .294    .000
   773       83.72    1379    2552    4441    8372     108  .03877    .517    .000
   774       17.86    1108      71     607    1786      35  .03294    .429    .000
   775       24.15       0    1022    1393    2415      55  .07609   1.095    .000
   776       13.92       0     314    1078    1392      36  .05987    .848    .000
   777       22.77    1235     813     229    2277      30  .02999    .392    .000
   778       18.54       0    1619     235    1854      24  .03864    .510    .000
   779        1.91       0     112      79     191      14  .06615    .969    .000
   780       32.12    1830     514     868    3212      45  .02650    .351    .000
   781       10.96       0     478     618    1096      26  .04170    .571    .000
   782       20.10    1398     412     200    2010      44  .02428    .316    .000
   783        4.63       0     204     259     463      18  .05686    .779    .000
   784       43.36    1059    2507     770    4336     109  .02483    .326    .000
   785       31.35       0    1758    1377    3135      56  .03232    .436    .000
   786       14.35       0     506     929    1435      26  .03169    .428    .000
   787       49.88    1270    1150    2568    4988      61  .01941    .254    .000
   788       16.57    1015     534     108    1657      31  .02450    .300    .000
   789       37.11    1056    1668     987    3711      68  .01586    .211    .000
   790       33.05       0    1263    2042    3305      56  .03859    .532    .000
   791       21.95       0    1673     522    2195      38  .02920    .384    .000
   792       27.12       0    1772     940    2712      72  .02426    .318    .000
   793       29.49    1022     871    1056    2949      56  .01163    .153    .000
   794       20.68    1399     536     133    2068      66  .01178    .152    .000
   795       13.78       0     223    1155    1378      32  .02449    .325    .000
   796       19.21    1009     502     410    1921      57  .01369    .188    .000
   797       18.21    1025     228     568    1821      21  .01480    .202    .000
   798       18.30    1012     284     534    1830      43  .02219    .301    .000
   799       42.43    1043    1143    2057    4243      43  .02899    .380    .000
   800       21.04    1021     263     820    2104      32  .04880    .641    .000
   801       53.88    1078    2707    1603    5388      85  .08694   1.294    .000
   802       61.57       0    3620    2537    6157      92  .09194   1.343    .000
   803        3.07       0     246      61     307      13  .07158   1.002    .000
   804       61.05    1021    4525     559    6105      83  .02812    .380    .000
   805       17.68    1035     484     249    1768      36  .02049    .277    .000
   806       27.38    1538     398     802    2738      35  .02997    .384    .000
   807       21.67    1015     387     765    2167      39  .02618    .280    .000
   808       26.28    1343     631     654    2628      61  .02189    .236    .000
   809       16.38    1197     222     219    1638      39  .02331    .258    .000
   810       22.45    1002     569     674    2245      61  .02762    .291    .000
   811       46.59    1003    2746     910    4659     224  .03303    .343    .000
   812       17.41    1003     432     306    1741      84  .03943    .404    .000
   813        7.47       0     177     570     747      34  .06669    .835    .000
   814       48.07       0    1228    3579    4807      82  .03375    .464    .000
   815        6.73       0      73     600     673      13  .01016    .127    .000
   816       12.38    1019     114     105    1238      25  .02045    .221    .000
   817       30.90       0    2424     666    3090      63  .02618    .284    .000
   818       13.40    1146     175      19    1340      23  .02172    .236    .000
   819        4.94       0     297     197     494      19  .01098    .133    .000
   820       15.19    1109     225     185    1519      31  .01377    .171    .000
   821       18.26       0    1176     650    1826      41  .00954    .130    .000
   822       12.35       0     193    1042    1235      31  .01690    .188    .000
   823       55.13    1051    1248    3214    5513      76  .01352    .165    .000
   824       71.96    1226    3235    2735    7196     210  .01420    .171    .000
   825        8.14       0     442     372     814      38  .01239    .152    .000
   826       51.42       0    2291    2851    5142     182  .02098    .224    .000
   827         .22       0      22       0      22       6  .02310    .217    .000
   828       21.06    1252     411     443    2106      56  .01628    .188    .000
   829       16.44    1085     431     128    1644      30  .01315    .157    .000
   830        5.88       0      57     531     588      17  .01227    .155    .000
   831       45.68    1084    2142    1342    4568     165  .02356    .250    .000
   832        2.08       0      78     130     208      17  .02205    .260    .000
   833       20.40       0    1562     478    2040      63  .01947    .237    .000
   834         .58       0      12      46      58       6  .00944    .126    .000
   835       20.98    1317     534     247    2098      47  .01432    .168    .000
   836       56.27    1071    2640    1916    5627      66  .01692    .194    .000
   837       19.63       0     476    1487    1963      35  .01095    .143    .000
   838       23.91    1030     670     691    2391      41  .01053    .137    .000
   839       53.82       0    2899    2483    5382     138  .01540    .174    .000
   840        1.11       0      11     100     111       5  .00239    .052    .000
   841       16.89       0     503    1186    1689      40  .00661    .091    .000
   842       28.56    1130     580    1146    2856      77  .01322    .159    .000
   843       21.62       0    2013     149    2162      23  .00911    .120    .000
   844       45.58    1000    2445    1113    4558      76  .01430    .168    .000
   845       30.09    1008     987    1014    3009      94  .01095    .138    .000
   846       24.90    1003     701     786    2490      99  .01301    .151    .000
   847       43.50       0    2203    2147    4350     143  .02057    .250    .000
   848        1.49       0      22     127     149       6  .06954   1.115    .000
   849       15.73       0     422    1151    1573      59  .08920   1.455    .000
   850        1.26       0      77      49     126      19  .01798    .184    .000
   851       36.58       0    1428    2230    3658      83  .00806    .106    .000
   852       50.48    1799    2173    1076    5048     113  .01646    .188    .000
   853       30.08    1000    1130     878    3008     101  .01842    .200    .000
   854        2.72       0     191      81     272      19  .00623    .086    .000
   855       32.76    1041    1382     853    3276      92  .00954    .119    .000
   856        3.74       0     229     145     374      21  .01111    .132    .000
   857       14.91       0     678     813    1491      48  .01080    .134    .000
   858        4.89       0     446      43     489      16  .01104    .129    .000
   859       23.89    1291     835     263    2389      51  .01088    .135    .000
   860       50.94       0    2278    2816    5094     113  .01247    .148    .000
   861       23.93    1087    1043     263    2393      24  .01306    .159    .000
   862       32.00       0    2582     618    3200      36  .01164    .146    .000
   863       26.47    1091    1123     433    2647      36  .00858    .118    .000
   864       84.78       0    4447    4031    8478     247  .02135    .234    .000
   865       32.96    1112     721    1463    3296      89  .01696    .198    .000
   866       20.06       0    1366     640    2006     109  .02413    .262    .000
   867        4.25       0     172     253     425      31  .02901    .290    .000
   868       29.36    1026    1099     811    2936      40  .01612    .189    .000
   869        3.68       0     215     153     368      27  .03000    .300    .000
   870        9.43       0     151     792     943      32  .03255    .346    .000
   871       20.19    1000     691     328    2019      31  .02300    .249    .000
   872       29.49       0     627    2322    2949      67  .01530    .183    .000
   873       24.65    1062     904     499    2465     114  .02679    .287    .000
   874        6.91       0      77     614     691      14  .00882    .113    .000
   875       33.53    1243     990    1120    3353      78  .01040    .133    .000
   876       26.33    1098     168    1367    2633      28  .00990    .125    .000
   877       10.79       0     642     437    1079      45  .02764    .279    .000
   878        5.12       0     255     257     512      39  .01586    .172    .000
   879        2.12       0      55     157     212      14  .01962    .224    .000
   880       45.59    1143     783    2633    4559     112  .01217    .142    .000
   881       27.55    1034     564    1157    2755      50  .01372    .160    .000
   882       17.07       0     651    1056    1707      83  .01484    .175    .000
   883       27.44       0    1615    1129    2744      73  .02220    .265    .000
   884         .53       0      26      27      53       4  .00491    .072    .000
   885       31.39    1294    1176     669    3139      94  .02042    .230    .000
   886       30.04    1044     744    1216    3004      27  .03869    .643    .000
   887       40.41       0    2329    1712    4041      93  .06243    .926    .000
   888       37.33       0    1935    1798    3733      61  .05702    .777    .000
   889       59.97    1345    1304    3348    5997      56  .02331    .305    .000
   890        6.30       0     199     431     630      33  .08541   1.171    .000
   891       21.36       0    1266     870    2136      41  .04309    .585    .000
   892       36.23    1278    1688     657    3623      55  .01589    .209    .000
   893       33.24       0    1516    1808    3324      69  .02981    .391    .000
   894       14.43       0     418    1025    1443      39  .01978    .256    .000
   895       21.00    1059     607     434    2100      73  .01170    .161    .000
   896        8.65       0     671     194     865      25  .01317    .172    .000
   897       20.55    1017     702     336    2055      52  .01073    .148    .000
   898       27.31    1051     209    1471    2731      55  .00995    .141    .000
   899       20.86    1312     334     440    2086      38  .01135    .156    .000
   900       33.30    1585    1475     270    3330      38  .01905    .249    .000
   901       32.71    1643     598    1030    3271      68  .02921    .386    .000
   902        1.32       0      42      90     132       9  .00432    .077    .000
   903       23.71    1004     613     754    2371      62  .04719    .637    .000
   904       43.43       0    2781    1562    4343     138  .09133   1.330    .000
   905        4.94       0     218     276     494      26  .12135   1.905    .000
   906         .98       0      36      62      98       9  .16540   2.447    .000
   907       28.02    1546     975     281    2802      37  .02276    .270    .000
   908       13.27    1004     120     203    1327      44  .02419    .277    .000
   909       53.43       0    2383    2960    5343      74  .05161    .726    .000
   910        3.64       0     114     250     364      16  .07360   1.021    .000
   911       52.58    1013    1517    2728    5258     108  .01958    .261    .000
   912        1.72       0      90      82     172      14  .10674   1.508    .000
   913       26.24       0    1854     770    2624      62  .03469    .444    .000
   914       34.26    1021     468    1937    3426      56  .01607    .209    .000
   915       32.78    1066    1107    1105    3278      46  .02054    .243    .000
   916       18.54    1078     294     482    1854      29  .02181    .274    .000
   917       58.19    1022    2315    2482    5819     119  .02086    .281    .000
   918       29.47       0     567    2380    2947      46  .04502    .609    .000
   919       14.49    1102     263      84    1449      24  .01732    .226    .000
   920       14.30    1102     180     148    1430      23  .01378    .184    .000
   921         .35       0       0      35      35       1  .02857    .274    .000
   922       11.41       0     551     590    1141      68  .04081    .580    .000
   923       18.23    1665     109      49    1823      23  .06740    .977    .000
   924       30.42    1007    1677     358    3042      76  .05647    .793    .000
   925       16.41       0    1273     368    1641      44  .08117   1.239    .000
   926       38.81    1004    1121    1756    3881      97  .06943   1.022    .000
   927       18.11       0     831     980    1811      75  .11361   1.772    .000
   928       24.35    1049     732     654    2435      40  .01856    .243    .000
   929       19.20    1033     149     738    1920      29  .01781    .239    .000
   930       33.66    1709    1304     353    3366      73  .03572    .480    .000
   931       20.14       0     545    1469    2014      41  .00793    .112    .000
   932       15.48    1280      89     179    1548      28  .00619    .094    .000
   933       21.05       0     751    1354    2105      30  .01806    .313    .000
   934       32.87    1094    1804     389    3287      80  .00940    .126    .000
   935        1.63       0      55     108     163      14  .00846    .110    .000
   936        4.97       0     292     205     497      13  .00861    .118    .000
   937       26.09    1484     622     503    2609      32  .00755    .107    .000
   938        3.73       0     206     167     373      35  .01107    .133    .000
   939       22.35    1607     389     239    2235      28  .00845    .117    .000
   940       81.89    1177    5006    2006    8189     146  .02277    .350    .000
   941        3.65       0      75     290     365      35  .00978    .115    .000
   942       32.60       0    2432     828    3260      86  .01584    .181    .000
   943       35.62    1008     602    1952    3562      88  .05821    .892    .000
   944       16.95       0    1301     394    1695      51  .08961   1.477    .000
   945       32.51       0     962    2289    3251      50  .10267   1.561    .000
   946       21.26    1032     913     181    2126      29  .05123    .739    .000
   947       15.27       0     532     995    1527      29  .09071   1.387    .000
   948       46.53       0    3220    1433    4653      47  .05285    .735    .000
   949       45.79       0    1833    2746    4579      72  .06797    .967    .000
   950       85.90    1007    4233    3350    8590     178  .02777    .378    .000
   951       63.28       0    2571    3757    6328      91  .04624    .638    .000
   952       31.60    1574     288    1298    3160      27  .01773    .234    .000
   953        3.93       0      20     373     393      11  .02716    .344    .000
   954       60.83    1005    2057    3021    6083      85  .01802    .235    .000
   955       17.28    1199     237     292    1728      33  .01654    .215    .000
   956       13.01    1050     107     144    1301      26  .07857   1.117    .000
   957       22.45    1098     996     151    2245      28  .05834    .829    .000
   958       14.86    1004     276     206    1486      39  .08142   1.259    .000
   959       33.19    1000    1952     367    3319      62  .07160   1.064    .000
   960       60.38    1395    2108    2535    6038      80  .03962    .647    .000
   961        1.21       0     104      17     121       7  .00463    .074    .000
   962         .57       0       5      52      57       4  .02428    .291    .000
   963       33.93       0    1949    1444    3393     121  .06920   1.002    .000
   964       24.26    1000     588     838    2426      65  .07231    .999    .000
   965        6.13       0     185     428     613      14  .08758   1.214    .000
   966        6.51       0     376     275     651      26  .05611    .815    .000
   967       43.09       0    3121    1188    4309      80  .07758   1.167    .000
   968       24.90    1002    1059     429    2490      43  .05879    .826    .000
   969       58.56       0    2186    3670    5856      88  .05662    .796    .000
   970       13.55       0     955     400    1355      36  .05058    .673    .000
   971       21.49    1026     630     493    2149      45  .02215    .289    .000
   972        3.71       0      53     318     371      10  .02847    .367    .000
   973       74.26    1025    3974    2427    7426      60  .02169    .282    .000
   974       36.22    1005     832    1785    3622      62  .01667    .222    .000
   975       76.48    1270    2593    3785    7648     103  .02152    .281    .000
   976       39.50       0    2542    1408    3950      67  .06826   1.019    .000
   977       55.70       0    4145    1425    5570      99  .05071    .719    .000
   978       55.63    1225    2959    1379    5563      64  .03261    .450    .000
   979       69.15    1011    2655    3249    6915     104  .02404    .313    .000
   980       43.46       0    2228    2118    4346      72  .05282    .758    .000
   981       35.62    1172    1522     868    3562      73  .02286    .293    .000
   982       22.77    1429     344     504    2277      37  .02504    .330    .000
   983       53.16    1035    3913     368    5316     119  .05073    .719    .000
   984       28.46    1162     333    1351    2846      72  .04883    .735    .000
   985       46.31    2418     918    1295    4631      71  .05852    .855    .000
   986        7.61       0     277     484     761      47  .11015   1.555    .000
   987       25.54    1008     978     568    2554      64  .03417    .473    .000
   988       32.54    1231     877    1146    3254      80  .02956    .395    .000
   989       36.91       0    2581    1110    3691      97  .04449    .605    .000
   990       33.52    1003    1384     965    3352      54  .02265    .289    .000
   991       12.85    1012     115     158    1285      28  .01926    .248    .000
   992        1.78       0     136      42     178      23  .05421    .588    .000
   993       16.90       0     730     960    1690      39  .00514    .085    .000
   994       18.57    1588     137     132    1857      22  .00820    .115    .000
   995       16.10    1067     325     218    1610      30  .01242    .153    .000
   996        4.30       0      27     403     430      14  .00750    .114    .000
   997        1.95       0     137      58     195      11  .00160    .047    .000
   998       12.01    1050      73      78    1201      20  .01220    .145    .000
   999       46.09       0    2861    1748    4609     117  .01957    .271    .000
  1000       21.98       0     940    1258    2198      54  .02954    .466    .000
  1001         .18       0       7      11      18       6  .00001    .032    .000
  1002       15.66    1197     327      42    1566      48  .01415    .173    .000
  1003        3.64       0      79     285     364       8  .00453    .078    .000
  1004       21.70    1090     746     334    2170      47  .00992    .123    .000
  1005       37.19    1079    1989     651    3719      94  .02638    .371    .000
  1006       24.51       0    1314    1137    2451      97  .03742    .490    .000
  1007       68.12    1013    3651    2148    6812      79  .02139    .292    .000
  1008       17.71       0     846     925    1771      94  .05496    .704    .000
  1009       10.33       0     514     519    1033      30  .06826    .974    .000
  1010       53.86       0    2675    2711    5386     102  .04863    .701    .000
  1011       35.21    1008    1661     852    3521      63  .03212    .420    .000
  1012       24.56       0    1465     991    2456      34  .04357    .582    .000
  1013       58.66    1227    2522    2117    5866      84  .05819    .901    .000
  1014       54.09    1035    1813    2561    5409     109  .03829    .515    .000
  1015       65.45    1018    3738    1789    6545      97  .03146    .415    .000
  1016       14.05       0     904     501    1405      53  .06119    .842    .000
  1017       15.74    1019     482      73    1574      21  .02640    .331    .000
  1018       25.64       0    1541    1023    2564      67  .04707    .639    .000
  1019       67.34    1136    5107     491    6734     147  .02488    .311    .000
  1020       26.98    1802     521     375    2698      39  .03012    .381    .000
  1021       13.53    1160     159      34    1353      23  .02201    .289    .000
  1022       30.17    1025     624    1368    3017      68  .00605    .095    .000
  1023       53.22       0    3519    1803    5322      55  .01936    .273    .000
  1024        4.01       0     122     279     401      12  .05165    .745    .000
  1025       21.31       0     963    1168    2131      67  .01325    .163    .000
  1026       18.84    1355     206     323    1884      30  .00970    .125    .000
  1027       12.79       0    1076     203    1279      18  .00630    .094    .000
  1028        1.51       0     107      44     151      24  .00766    .103    .000
  1029       30.32    1008     763    1261    3032      42  .00570    .088    .000
  1030       32.29       0    2291     938    3229      52  .00788    .111    .000
  1031       34.33    1131    1785     517    3433      94  .02812    .408    .000
  1032       61.45    1005    2147    2993    6145     143  .05475    .798    .000
  1033       43.10       0    2159    2151    4310     131  .07488   1.117    .000
  1034       21.26       0    1123    1003    2126      65  .08881   1.341    .000
  1035       13.45    1006     220     119    1345      24  .04220    .587    .000
  1036       13.24       0     867     457    1324      36  .06367    .919    .000
  1037       33.91    1374     560    1457    3391      67  .03502    .464    .000
  1038        8.24       0     110     714     824      22  .06821    .973    .000
  1039       43.66    1474    2591     301    4366      52  .04396    .563    .000
  1040       51.27    1042    2277    1808    5127      68  .03898    .509    .000
  1041       92.08    1004    5117    3087    9208     145  .05297    .742    .000
  1042        6.04       0       0     604     604       6  .04835    .680    .000
  1043       25.06       0    1095    1411    2506      55  .02915    .402    .000
  1044         .76       0      39      37      76      10  .01157    .149    .000
  1045       15.16    1057     145     314    1516      25  .06695    .982    .000
  1046       36.65    1001     664    2000    3665      79  .06456    .955    .000
  1047       35.49       0    2436    1113    3549     101  .07563   1.083    .000
  1048       44.94    1378    1608    1508    4494     119  .05297    .717    .000
  1049        3.23       0      72     251     323      14  .11127   1.676    .000
  1050       24.71    1219    1006     246    2471      37  .05034    .693    .000
  1051       22.45    1509     254     482    2245      29  .05642    .770    .000
  1052       42.96       0    2302    1994    4296      82  .02591    .368    .000
  1053       28.57    1289     106    1462    2857      25  .05067    .697    .000
  1054       16.62    1014     296     352    1662      35  .02331    .314    .000
  1055       18.50    1005     740     105    1850      23  .01539    .205    .000
  1056       22.33       0    1959     274    2233      77  .01539    .189    .000
  1057       26.48    1331     518     799    2648      68  .01970    .282    .000
  1058       28.42    1436     530     876    2842      67  .02548    .362    .000
  1059       31.95    1675     616     904    3195      60  .03156    .404    .000
  1060       31.47    1605    1062     480    3147      63  .01326    .157    .000
  1061       38.39       0    1865    1974    3839      73  .09570   1.642    .000
  1062       30.94       0     985    2109    3094      92  .16194   3.131    .000
  1063       31.01    1327     779     995    3101      67  .01723    .189    .000
  1064         .10       0       6       4      10       2  .00899    .102    .000
  1065       11.99    1000     158      41    1199      21  .01919    .205    .000
  1066       10.69       0     957     112    1069      47  .01778    .193    .000
  1067       26.05    1073     238    1294    2605      63  .02202    .228    .000
  1068       17.03       0     871     832    1703      41  .09962   1.851    .000
  1069       21.92    1025     920     247    2192      56  .04084    .472    .000
  1070       30.97    1001     847    1249    3097     101  .07514   1.057    .000
  1071       14.84    1000     376     108    1484      31  .04088    .610    .000
  1072       18.09       0    1463     346    1809      49  .01986    .220    .000
  1073       15.20    1006     385     129    1520      27  .02677    .289    .000
  1074       97.89    1307    5002    3480    9789     210  .06164    .943    .000
----------------------------------------------------------------------------------
  1073    29598.82  611841 1145972 1202070 2959882   68038           0.508   0.000

Note:  source, left, and right cells include the reassigned channel rasters.
