 ***** BEGINNING PROGRAM RASPRO.
 ***** INITIALIZING AND READING GENERAL I/O.
 *** BEGINNING SBRT OUTITL.
 TOPAZ SOFTWARE: TOPOGRAPHIC PARAMETERIZATION SOFTWARE SYSTEM                  
                 VERSION 3.20, OCTOBER 2004                                    
 PROGRAM RASPRO: RASTER PROCESSING PROGRAM                                     
                 VERSION 3.10, APRIL 1999                                      

 J. GARBRECHT, USDA-ARS, EL RENO, OKLAHOMA, USA.                               
 L. MARTZ, UNIVERSITY OF SASKATCHEWAN, SASKATOON, CANADA.                      
 J. CAMPBELL, USDA-ARS, EL RENO, OKLAHOMA, USA.                                


 DISCLAIMER

 THIS PROGRAM AND ITS SUBROUTINES ARE ACCEPTED AND USED BY THE RECIPIENT UPON
 THE EXPRESS UNDERSTANDING THAT THE DEVELOPERS MAKE NO WARRANTIES, EXPRESSED
 OR IMPLIED, CONCERNING THE ACCURACY, COMPLETENESS, RELIABILITY OR
 SUITABILITY FOR ANY ONE PURPOSE, AND THAT THE DEVELOPERS SHALL BE UNDER NO
 LIABILITY TO ANY PERSON BY REASON OF ANY USE MADE THEREOF.

 THE SUBROUTINES IN THIS PROGRAM CANNOT BE LIFTED, EXTRACTED OR TRANSFERRED
 OUT OF THIS PROGRAM FOR USE WITH OTHER PROGRAMS OR OTHER PURPOSES BECAUSE
 INPUT VARIABLES INTO SUBROUTINES MUST HAVE BEEN PROCESSED AND ASSIGNED
 SPECIFIC VALUES BY PRECEDING SUBROUTINES THAT REFLECT PROGRAM, CODE AND
 TERRAIN SPECIFIC PARTICULARITIES.  THE USE OF A SUBROUTINE FOR OTHER PURPOSES
 THAN IN THIS PROGRAM MAY PRODUCE, AT BEST, INEXECUTABLE CODE, OR, AT WORST,
 ERRONEOUS RESULTS THAT GO UNRECOGNIZED.

 THE AUTHORS AND DEVELOPERS OF THIS PROGRAM AND ITS SUBROUTINES SHALL BE
 ACKNOWLEDGED WHEN THE CODE, THE MODEL AND/OR THE NUMERICAL SOLUTION
 TECHNIQUES USED HEREIN ARE DIRECTLY APPLIED IN CONJUNCTION WITH ANOTHER
 CODE, OR DESCRIBED AND/OR REFERRED TO IN A PUBLICATION OR PRESENTATION.




 TITLE OF CURRENT TOPAZ APPLICATION:

TopAGNPS v6.00.b.017_2022.08.30                                                
DNMCNT.INP" not selected for use with this execution                           
Parameter values are set by user or internal defaults.                         

 *** ENDING SBRT OUTITL.
 *** BEGINNING SBRT PROPTA.
    *** BEGINNING SUBROUTINE CHKFIL.
 *** ENDING SBRT PROPTA.
 *** BEGINNING SBRT IOINIT.
 *** ENDING SBRT IOINIT.
 *** BEGINNING SBRT INPCNT.
 *** ENDING SBRT INPCNT.
 *** BEGINNING SBRT INPBAT.
 *** ENDING SBRT INPBAT.
 *** BEGINNING SBRT INPBAT.
     DEM RASTER PARAMETERS.
        NUMBER OF ROWS AND COLUMNS IN RASTER:   2289   2262
        SIZE OF A PIXEL SIDE IN METERS:      10.00
        MINIMUM AND MAXIMUM ELEVATION VALUES IN METERS:
              160.1000   239.4000
        USER PROVIDED INDETERMINATE ELEVATION VALUE:  -999.0
        USER PROVIDED INDETERMINATE ELEVATION VALUE IN PROGRAM INTERNAL UNITS:
            -99900000
        INTERNAL INDETERMINATE ELEVATION VALUE AS ASSIGNED AND USED
        BY THE PROGRAM:  15300000
        STRAHLER ORDER OF THE DRAINAGE NETWORK:   6
     USER OPTIONS
        FOR ALL OF THE FOLLOWING OPTIONS:
          A VALUE OF  1  INDICATES THAT COMPUTATIONS ARE PERFORMED, OR
          A VALUE OF  0  INDICATES THAT COMPUTATIONS ARE NOT PERFORMED.
        WRITE USER INPUT OPTIONS TO RASPRO.RPT: 1
        PROCESSING OF NETWORK AND SUBCATCHMENT DATA: 0
        PROCESSING OF ELEVATION DATA: 1
        PROCESSING OF LOCAL SLOPE AND ASPECT ALTERNATIVES: 1
     PROGRAM EXECUTION STATUS:  1  EXECUTED  0  NOT EXECUTED
        PROGRAM DEDNM:  1
        PROGRAM RASPRO: 0
        PROGRAM RASFOR: 0
        PROGRAM RASBIN: 0
        PROGRAM NSSTAT: 0
 *** ENDING SBRT INPBAT.
 ***** BEGINNING PROCESSING OF ELEVATION DATA.
 === ALLOCATING IT1A ARRAY.
 === ALLOCATING IEL ARRAY.
 *** BEGINNING SBRT RSTIO.
 *** ENDING SBRT RSTIO.
 === ALLOCATING IT3A ARRAY.
 *** BEGINNING SBRT RSTIO.
 *** ENDING SBRT RSTIO.
 *** BEGINNING SBRT DEPFLT.
 *** ENDING SBRT DEPFLT.
 *** BEGINNING SBRT ERCHK.
     MINIMUM VALUE ALLOWED\DETECTED:                            1          1
     MAXIMUM VALUE ALLOWED\DETECTED:                            6          6
     NUMBER OF MINIMUM AND MAXIMUM VALUES:                 353935    2808885
     NUMBER OF VALUES BETWEEN MINIMUM AND MAXIMUM:                   1800942
     INDETERMINATE VALUE AND COUNT:                             0     213956
     NUMBER OF CELLS IN RASTER ENTERED/TESTED:            5177718    5177718
     NUMBER OF UNRESOLVED VALUES:                                          0
 *** ENDING SBRT ERCHK.
 *** BEGINNING SBRT RSTIO.
 *** ENDING SBRT RSTIO.
 === DEALLOCATING IT1A ARRAY.
 *** BEGINNING SBRT RSTIO.
 *** ENDING SBRT RSTIO.
 *** BEGINNING SBRT ELVCLA.
 *** ENDING SBRT ELVCLA.
 *** BEGINNING SBRT ERCHK.
     MINIMUM VALUE ALLOWED\DETECTED:                     16010000   16142168
     MAXIMUM VALUE ALLOWED\DETECTED:                     23940000   23807872
     NUMBER OF MINIMUM AND MAXIMUM VALUES:                 330448        660
     NUMBER OF VALUES BETWEEN MINIMUM AND MAXIMUM:                   4632654
     INDETERMINATE VALUE AND COUNT:                      15300000     213956
     NUMBER OF CELLS IN RASTER ENTERED/TESTED:            5177718    5177718
     NUMBER OF UNRESOLVED VALUES:                                          0
 *** ENDING SBRT ERCHK.
 *** BEGINNING SBRT RSTIO.
 *** ENDING SBRT RSTIO.
 === DEALLOCATING IT3A ARRAY.
 *** BEGINNING SBRT OTELCL.
 *** ENDING SBRT OTELCL.
 === ALLOCATING BND ARRAY.
 *** BEGINNING SBRT RSTIO.
 *** ENDING SBRT RSTIO.
 === ALLOCATING IFV ARRAY.
 *** BEGINNING SBRT RSTIO.
 *** ENDING SBRT RSTIO.
 === ALLOCATING IFLP ARRAY.
 *** BEGINNING SBRT RSTIO.
 *** ENDING SBRT RSTIO.
 === ALLOCATING NTW1 ARRAY.
 *** BEGINNING SBRT RSTIO.
 *** ENDING SBRT RSTIO.
 === ALLOCATING IDPCHA ARRAY.
 === ALLOCATING IDPOUT ARRAY.
 === DEALLOCATING IEL ARRAY.
 === DEALLOCATING BND ARRAY.
 === DEALLOCATING IFLP ARRAY.
 === DEALLOCATING NTW1 ARRAY.
 === DEALLOCATING IFV ARRAY.
 *** BEGINNING SBRT RSTIO.
 *** ENDING SBRT RSTIO.
 === DEALLOCATING IDPCHA ARRAY.
 *** BEGINNING SBRT RSTIO.
 *** ENDING SBRT RSTIO.
 === DEALLOCATING IDPOUT ARRAY.
 ***** BEGINNING LOCAL SLOPE AND ASPECT COMPUTATIONS.
 === ALLOCATING IFV ARRAY.
 *** BEGINNING SBRT RSTIO.
 *** ENDING SBRT RSTIO.
 === ALLOCATING IFVAS ARRAY.
 *** BEGINNING SBRT FVASPE.
 *** ENDING SBRT FVASPE.
 *** BEGINNING SBRT ERCHK.
     MINIMUM VALUE ALLOWED\DETECTED:                            0          0
     MAXIMUM VALUE ALLOWED\DETECTED:                          360        315
     NUMBER OF MINIMUM AND MAXIMUM VALUES:                 631342     365642
     NUMBER OF VALUES BETWEEN MINIMUM AND MAXIMUM:                   3966778
     INDETERMINATE VALUE AND COUNT:                            -1     213956
     NUMBER OF CELLS IN RASTER ENTERED/TESTED:            5177718    5177718
     NUMBER OF UNRESOLVED VALUES:                                          0
 *** ENDING SBRT ERCHK.
 *** BEGINNING SBRT RSTIO.
 *** ENDING SBRT RSTIO.
 === ALLOCATING IEL ARRAY.
 *** BEGINNING SBRT RSTIO.
 *** ENDING SBRT RSTIO.
 === ALLOCATING IFVS ARRAY.
 *** BEGINNING SBRT FVSLOP.
 *** ENDING SBRT FVSLOP.
 *** BEGINNING SBRT ERCHK.
     MINIMUM VALUE ALLOWED\DETECTED:                            1          1
     MAXIMUM VALUE ALLOWED\DETECTED:                   2000000000    2120000
     NUMBER OF MINIMUM AND MAXIMUM VALUES:                  32161          1
     NUMBER OF VALUES BETWEEN MINIMUM AND MAXIMUM:                   4929154
     INDETERMINATE VALUE AND COUNT:                            -1     216402
     NUMBER OF CELLS IN RASTER ENTERED/TESTED:            5177718    5177718
     NUMBER OF UNRESOLVED VALUES:                                          0
 *** ENDING SBRT ERCHK.
 *** BEGINNING SBRT RSTIO.
 *** ENDING SBRT RSTIO.
 === ALLOCATING ITAAS ARRAY.
 === ALLOCATING ITASL ARRAY.
 === ALLOCATING Z ARRAY.
 === ALLOCATING INDTR ARRAY.
 *** BEGINNING SBRT RSTIO.
 *** ENDING SBRT RSTIO.
 *** BEGINNING SBRT TAS.
 *** ENDING SBRT TAS.
 === DEALLOCATING Z ARRAY.
 === DEALLOCATING IFVS ARRAY.
 === DEALLOCATING IFVAS ARRAY.
 === DEALLOCATING INDTR ARRAY.
 *** BEGINNING SBRT ERCHK.
     MINIMUM VALUE ALLOWED\DETECTED:                            0          0
     MAXIMUM VALUE ALLOWED\DETECTED:                          360        359
     NUMBER OF MINIMUM AND MAXIMUM VALUES:                 139670       1738
     NUMBER OF VALUES BETWEEN MINIMUM AND MAXIMUM:                   4822354
     INDETERMINATE VALUE AND COUNT:                            -1     213956
     NUMBER OF CELLS IN RASTER ENTERED/TESTED:            5177718    5177718
     NUMBER OF UNRESOLVED VALUES:                                          0
 *** ENDING SBRT ERCHK.
 *** BEGINNING SBRT ERCHK.
     MINIMUM VALUE ALLOWED\DETECTED:                            0          0
     MAXIMUM VALUE ALLOWED\DETECTED:                   2000000000    1820000
     NUMBER OF MINIMUM AND MAXIMUM VALUES:                   2505          1
     NUMBER OF VALUES BETWEEN MINIMUM AND MAXIMUM:                   4958810
     INDETERMINATE VALUE AND COUNT:                            -1     216402
     NUMBER OF CELLS IN RASTER ENTERED/TESTED:            5177718    5177718
     NUMBER OF UNRESOLVED VALUES:                                          0
 *** ENDING SBRT ERCHK.
 *** BEGINNING SBRT RSTIO.
 *** ENDING SBRT RSTIO.
 === DEALLOCATING ITASL ARRAY.
 *** BEGINNING SBRT RSTIO.
 *** ENDING SBRT RSTIO.
 === DEALLOCATING ITAAS ARRAY.
 === ALLOCATING ICA ARRAY.
 *** BEGINNING SBRT RSTIO.
 *** ENDING SBRT RSTIO.
 === ALLOCATING IHDS ARRAY.
 *** BEGINNING SBRT HSLOPE.
 *** ENDING SBRT HSLOPE.
 === DEALLOCATING IEL ARRAY.
 === DEALLOCATING ICA ARRAY.
 === DEALLOCATING IFV ARRAY.
 *** BEGINNING SBRT ERCHK.
     MINIMUM VALUE ALLOWED\DETECTED:                            1          1
     MAXIMUM VALUE ALLOWED\DETECTED:                   2000000000    2120000
     NUMBER OF MINIMUM AND MAXIMUM VALUES:                  10868          1
     NUMBER OF VALUES BETWEEN MINIMUM AND MAXIMUM:                   4952549
     INDETERMINATE VALUE AND COUNT:                            -1     214300
     NUMBER OF CELLS IN RASTER ENTERED/TESTED:            5177718    5177718
     NUMBER OF UNRESOLVED VALUES:                                          0
 *** ENDING SBRT ERCHK.
 *** BEGINNING SBRT RSTIO.
 *** ENDING SBRT RSTIO.
 === DEALLOCATING IHDS ARRAY.
 ***** BEGINNING FLOW PATH DISTANCE COMPUTATIONS.
 === ALLOCATING IFV ARRAY.
 *** BEGINNING SBRT RSTIO.
 *** ENDING SBRT RSTIO.
 === ALLOCATING IFLP ARRAY.
 *** BEGINNING SBRT RSTIO.
 *** ENDING SBRT RSTIO.
 === ALLOCATING BND ARRAY.
 *** BEGINNING SBRT RSTIO.
 *** ENDING SBRT RSTIO.
 === ALLOCATING RT2A ARRAY.
 === ALLOCATING IDSOUT ARRAY.
 *** BEGINNING SBRT DISOUT.
 *** ENDING SBRT DISOUT.
 *** BEGINNING SBRT RSTIO.
 *** ENDING SBRT RSTIO.
 === DEALLOCATING IDSOUT ARRAY.
 === ALLOCATING NTW1 ARRAY.
 *** BEGINNING SBRT RSTIO.
 *** ENDING SBRT RSTIO.
 === ALLOCATING IDSCHA ARRAY.
 *** BEGINNING SBRT DISCHA.
 *** ENDING SBRT DISOUT.
 *** BEGINNING SBRT RSTIO.
 *** ENDING SBRT RSTIO.
 === DEALLOCATING IDSCHA ARRAY.
 === DEALLOCATING BND ARRAY.
 === DEALLOCATING IFLP ARRAY.
 === DEALLOCATING IFV ARRAY.
 === DEALLOCATING NTW1 ARRAY.
 === DEALLOCATING RT2A ARRAY.
 *** WRITING OUTPUT CONTROL FILE; SBRT IOCNT.
 ***** ENDING PROGRAM RASPRO.
